#! /usr/bin/vvp
:ivl_version "12.0 (stable)";
:ivl_delay_selection "TYPICAL";
:vpi_time_precision - 12;
:vpi_module "/usr/lib/x86_64-linux-gnu/ivl/system.vpi";
:vpi_module "/usr/lib/x86_64-linux-gnu/ivl/vhdl_sys.vpi";
:vpi_module "/usr/lib/x86_64-linux-gnu/ivl/vhdl_textio.vpi";
:vpi_module "/usr/lib/x86_64-linux-gnu/ivl/v2005_math.vpi";
:vpi_module "/usr/lib/x86_64-linux-gnu/ivl/va_math.vpi";
S_0x5589c3dbd490 .scope module, "dsm_top_tb" "dsm_top_tb" 2 7;
 .timescale -9 -12;
v0x5589c3e1c540_0 .var/real "average", 0 0;
v0x5589c3e1c620_0 .var "clk_dsm", 0 0;
v0x5589c3e1c730_0 .var/s "data_word", 8 0;
v0x5589c3e1c7d0_0 .net "dout", 0 0, v0x5589c3e1b350_0;  1 drivers
v0x5589c3e1c8c0_0 .var "en", 0 0;
v0x5589c3e1ca00_0 .var/i "i", 31 0;
v0x5589c3e1cae0_0 .var/i "ones_count", 31 0;
v0x5589c3e1cbc0_0 .var "rst_n", 0 0;
v0x5589c3e1cc60_0 .var "sclk", 0 0;
v0x5589c3e1cd90_0 .var "sdata", 0 0;
v0x5589c3e1ce80_0 .var/i "total_cycles", 31 0;
E_0x5589c3e00850 .event posedge, v0x5589c3e1b410_0;
S_0x5589c3dbd620 .scope task, "send_serial_byte" "send_serial_byte" 2 87, 2 87 0, S_0x5589c3dbd490;
 .timescale -9 -12;
v0x5589c3dbd800_0 .var/s "data", 8 0;
v0x5589c3e1ab30_0 .var/i "j", 31 0;
TD_dsm_top_tb.send_serial_byte ;
    %pushi/vec4 1, 0, 1;
    %store/vec4 v0x5589c3e1c8c0_0, 0, 1;
    %delay 10000, 0;
    %pushi/vec4 8, 0, 32;
    %store/vec4 v0x5589c3e1ab30_0, 0, 32;
T_0.0 ;
    %load/vec4 v0x5589c3e1ab30_0;
    %cmpi/s 0, 0, 32;
    %flag_inv 5; GE is !LT
    %jmp/0xz T_0.1, 5;
    %load/vec4 v0x5589c3dbd800_0;
    %load/vec4 v0x5589c3e1ab30_0;
    %part/s 1;
    %store/vec4 v0x5589c3e1cd90_0, 0, 1;
    %delay 5000, 0;
    %pushi/vec4 1, 0, 1;
    %store/vec4 v0x5589c3e1cc60_0, 0, 1;
    %delay 10000, 0;
    %pushi/vec4 0, 0, 1;
    %store/vec4 v0x5589c3e1cc60_0, 0, 1;
    %delay 5000, 0;
    %load/vec4 v0x5589c3e1ab30_0;
    %subi 1, 0, 32;
    %store/vec4 v0x5589c3e1ab30_0, 0, 32;
    %jmp T_0.0;
T_0.1 ;
    %pushi/vec4 0, 0, 1;
    %store/vec4 v0x5589c3e1c8c0_0, 0, 1;
    %pushi/vec4 0, 0, 1;
    %store/vec4 v0x5589c3e1cd90_0, 0, 1;
    %delay 40000, 0;
    %end;
S_0x5589c3e1ac10 .scope module, "uut" "dsm_top" 2 18, 3 1 0, S_0x5589c3dbd490;
 .timescale 0 0;
    .port_info 0 /INPUT 1 "clk_dsm";
    .port_info 1 /INPUT 1 "rst_n";
    .port_info 2 /INPUT 1 "sclk";
    .port_info 3 /INPUT 1 "sdata";
    .port_info 4 /INPUT 1 "en";
    .port_info 5 /OUTPUT 9 "data_word";
    .port_info 6 /OUTPUT 1 "dout";
v0x5589c3e1bf30_0 .net "clk_dsm", 0 0, v0x5589c3e1c620_0;  1 drivers
v0x5589c3e1bff0_0 .net "data_word", 8 0, v0x5589c3e1bb30_0;  1 drivers
v0x5589c3e1c0e0_0 .net "dout", 0 0, v0x5589c3e1b350_0;  alias, 1 drivers
v0x5589c3e1c1b0_0 .net "en", 0 0, v0x5589c3e1c8c0_0;  1 drivers
v0x5589c3e1c280_0 .net "rst_n", 0 0, v0x5589c3e1cbc0_0;  1 drivers
v0x5589c3e1c3c0_0 .net "sclk", 0 0, v0x5589c3e1cc60_0;  1 drivers
v0x5589c3e1c460_0 .net "sdata", 0 0, v0x5589c3e1cd90_0;  1 drivers
S_0x5589c3e1aec0 .scope module, "u_dsm" "dsm_8bit" 3 30, 4 1 0, S_0x5589c3e1ac10;
 .timescale -9 -12;
    .port_info 0 /INPUT 1 "clk";
    .port_info 1 /INPUT 1 "rst_n";
    .port_info 2 /INPUT 9 "DI";
    .port_info 3 /OUTPUT 1 "DO";
P_0x5589c3de7940 .param/l "NEG_LEVEL" 1 4 14, +C4<110000000>;
P_0x5589c3de7980 .param/l "POS_LEVEL" 1 4 13, +C4<001111111>;
v0x5589c3e1b250_0 .net "DI", 8 0, v0x5589c3e1bb30_0;  alias, 1 drivers
v0x5589c3e1b350_0 .var "DO", 0 0;
v0x5589c3e1b410_0 .net "clk", 0 0, v0x5589c3e1c620_0;  alias, 1 drivers
v0x5589c3e1b4e0_0 .var/s "feedback_value", 8 0;
v0x5589c3e1b5c0_0 .var/s "integrator", 8 0;
v0x5589c3e1b6f0_0 .net "rst_n", 0 0, v0x5589c3e1cbc0_0;  alias, 1 drivers
E_0x5589c3e00f30/0 .event negedge, v0x5589c3e1b6f0_0;
E_0x5589c3e00f30/1 .event posedge, v0x5589c3e1b410_0;
E_0x5589c3e00f30 .event/or E_0x5589c3e00f30/0, E_0x5589c3e00f30/1;
E_0x5589c3e00bc0 .event anyedge, v0x5589c3e1b5c0_0, v0x5589c3e1b350_0;
S_0x5589c3e1b830 .scope module, "u_shift" "shift_reg_serial" 3 19, 5 1 0, S_0x5589c3e1ac10;
 .timescale -9 -12;
    .port_info 0 /INPUT 1 "sclk";
    .port_info 1 /INPUT 1 "rst_n";
    .port_info 2 /INPUT 1 "en";
    .port_info 3 /INPUT 1 "sdata";
    .port_info 4 /OUTPUT 9 "q";
v0x5589c3e1ba50_0 .net "en", 0 0, v0x5589c3e1c8c0_0;  alias, 1 drivers
v0x5589c3e1bb30_0 .var "q", 8 0;
v0x5589c3e1bc20_0 .net "rst_n", 0 0, v0x5589c3e1cbc0_0;  alias, 1 drivers
v0x5589c3e1bd20_0 .net "sclk", 0 0, v0x5589c3e1cc60_0;  alias, 1 drivers
v0x5589c3e1bdc0_0 .net "sdata", 0 0, v0x5589c3e1cd90_0;  alias, 1 drivers
E_0x5589c3e00110/0 .event negedge, v0x5589c3e1b6f0_0;
E_0x5589c3e00110/1 .event posedge, v0x5589c3e1bd20_0;
E_0x5589c3e00110 .event/or E_0x5589c3e00110/0, E_0x5589c3e00110/1;
    .scope S_0x5589c3e1b830;
T_1 ;
    %wait E_0x5589c3e00110;
    %load/vec4 v0x5589c3e1bc20_0;
    %nor/r;
    %flag_set/vec4 8;
    %jmp/0xz  T_1.0, 8;
    %pushi/vec4 0, 0, 9;
    %assign/vec4 v0x5589c3e1bb30_0, 0;
    %jmp T_1.1;
T_1.0 ;
    %load/vec4 v0x5589c3e1ba50_0;
    %flag_set/vec4 8;
    %jmp/0xz  T_1.2, 8;
    %load/vec4 v0x5589c3e1bb30_0;
    %parti/s 8, 0, 2;
    %load/vec4 v0x5589c3e1bdc0_0;
    %concat/vec4; draw_concat_vec4
    %assign/vec4 v0x5589c3e1bb30_0, 0;
T_1.2 ;
T_1.1 ;
    %jmp T_1;
    .thread T_1;
    .scope S_0x5589c3e1aec0;
T_2 ;
    %wait E_0x5589c3e00bc0;
    %pushi/vec4 0, 0, 32;
    %load/vec4 v0x5589c3e1b5c0_0;
    %pad/s 32;
    %cmp/s;
    %flag_get/vec4 4;
    %flag_get/vec4 5;
    %or;
    %store/vec4 v0x5589c3e1b350_0, 0, 1;
    %load/vec4 v0x5589c3e1b350_0;
    %flag_set/vec4 8;
    %jmp/0 T_2.0, 8;
    %pushi/vec4 127, 0, 9;
    %jmp/1 T_2.1, 8;
T_2.0 ; End of true expr.
    %pushi/vec4 384, 0, 9;
    %jmp/0 T_2.1, 8;
 ; End of false expr.
    %blend;
T_2.1;
    %store/vec4 v0x5589c3e1b4e0_0, 0, 9;
    %jmp T_2;
    .thread T_2, $push;
    .scope S_0x5589c3e1aec0;
T_3 ;
    %wait E_0x5589c3e00f30;
    %load/vec4 v0x5589c3e1b6f0_0;
    %nor/r;
    %flag_set/vec4 8;
    %jmp/0xz  T_3.0, 8;
    %pushi/vec4 0, 0, 9;
    %assign/vec4 v0x5589c3e1b5c0_0, 0;
    %jmp T_3.1;
T_3.0 ;
    %load/vec4 v0x5589c3e1b5c0_0;
    %load/vec4 v0x5589c3e1b250_0;
    %load/vec4 v0x5589c3e1b4e0_0;
    %sub;
    %add;
    %assign/vec4 v0x5589c3e1b5c0_0, 0;
T_3.1 ;
    %jmp T_3;
    .thread T_3;
    .scope S_0x5589c3dbd490;
T_4 ;
    %pushi/vec4 0, 0, 1;
    %store/vec4 v0x5589c3e1c620_0, 0, 1;
T_4.0 ;
    %delay 5000, 0;
    %load/vec4 v0x5589c3e1c620_0;
    %inv;
    %store/vec4 v0x5589c3e1c620_0, 0, 1;
    %jmp T_4.0;
    %end;
    .thread T_4;
    .scope S_0x5589c3dbd490;
T_5 ;
    %pushi/vec4 0, 0, 1;
    %store/vec4 v0x5589c3e1cbc0_0, 0, 1;
    %pushi/vec4 0, 0, 1;
    %store/vec4 v0x5589c3e1c8c0_0, 0, 1;
    %pushi/vec4 0, 0, 1;
    %store/vec4 v0x5589c3e1cd90_0, 0, 1;
    %pushi/vec4 0, 0, 1;
    %store/vec4 v0x5589c3e1cc60_0, 0, 1;
    %vpi_call 2 53 "$dumpfile", "dsm_top_tb.vcd" {0 0 0};
    %vpi_call 2 54 "$dumpvars", 32'sb00000000000000000000000000000000, S_0x5589c3dbd490 {0 0 0};
    %delay 50000, 0;
    %pushi/vec4 1, 0, 1;
    %store/vec4 v0x5589c3e1cbc0_0, 0, 1;
    %pushi/vec4 2000, 0, 32;
    %store/vec4 v0x5589c3e1ce80_0, 0, 32;
    %pushi/vec4 384, 0, 9;
    %store/vec4 v0x5589c3e1c730_0, 0, 9;
T_5.0 ;
    %load/vec4 v0x5589c3e1c730_0;
    %pad/s 32;
    %cmpi/s 127, 0, 32;
    %flag_or 5, 4;
    %jmp/0xz T_5.1, 5;
    %load/vec4 v0x5589c3e1c730_0;
    %store/vec4 v0x5589c3dbd800_0, 0, 9;
    %fork TD_dsm_top_tb.send_serial_byte, S_0x5589c3dbd620;
    %join;
    %pushi/vec4 0, 0, 32;
    %store/vec4 v0x5589c3e1cae0_0, 0, 32;
    %pushi/vec4 0, 0, 32;
    %store/vec4 v0x5589c3e1ca00_0, 0, 32;
T_5.2 ;
    %load/vec4 v0x5589c3e1ca00_0;
    %load/vec4 v0x5589c3e1ce80_0;
    %cmp/s;
    %jmp/0xz T_5.3, 5;
    %wait E_0x5589c3e00850;
    %load/vec4 v0x5589c3e1c7d0_0;
    %flag_set/vec4 8;
    %jmp/0xz  T_5.4, 8;
    %load/vec4 v0x5589c3e1cae0_0;
    %addi 1, 0, 32;
    %store/vec4 v0x5589c3e1cae0_0, 0, 32;
T_5.4 ;
    %load/vec4 v0x5589c3e1ca00_0;
    %addi 1, 0, 32;
    %store/vec4 v0x5589c3e1ca00_0, 0, 32;
    %jmp T_5.2;
T_5.3 ;
    %load/vec4 v0x5589c3e1cae0_0;
    %cvt/rv/s;
    %pushi/real 1073741824, 4066; load=1.00000
    %mul/wr;
    %load/vec4 v0x5589c3e1ce80_0;
    %cvt/rv/s;
    %div/wr;
    %store/real v0x5589c3e1c540_0;
    %vpi_call 2 77 "$display", "%0d,%0.6f", v0x5589c3e1c730_0, v0x5589c3e1c540_0 {0 0 0};
    %load/vec4 v0x5589c3e1c730_0;
    %addi 1, 0, 9;
    %store/vec4 v0x5589c3e1c730_0, 0, 9;
    %jmp T_5.0;
T_5.1 ;
    %vpi_call 2 80 "$display", "Simulation complete." {0 0 0};
    %vpi_call 2 81 "$finish" {0 0 0};
    %end;
    .thread T_5;
# The file index is used to find the file name in the following table.
:file_names 6;
    "N/A";
    "<interactive>";
    "dsm_top_tb.v";
    "dsm_top.v";
    "dsm_8bit.v";
    "shift_reg_serial.v";
